0 info it worked if it ends with ok
1 verbose cli [ '/home/sam/.nvm/versions/node/v6.11.4/bin/node',
1 verbose cli   '/home/sam/.nvm/versions/node/v6.11.4/bin/npm',
1 verbose cli   'run',
1 verbose cli   'dev' ]
2 info using npm@3.10.10
3 info using node@v6.11.4
4 verbose run-script [ 'predev', 'dev', 'postdev' ]
5 info lifecycle node-portfolio@1.0.0~predev: node-portfolio@1.0.0
6 silly lifecycle node-portfolio@1.0.0~predev: no script for predev, continuing
7 info lifecycle node-portfolio@1.0.0~dev: node-portfolio@1.0.0
8 verbose lifecycle node-portfolio@1.0.0~dev: unsafe-perm in lifecycle true
9 verbose lifecycle node-portfolio@1.0.0~dev: PATH: /home/sam/.nvm/versions/node/v6.11.4/lib/node_modules/npm/bin/node-gyp-bin:/home/sam/CODE/NodePortfolio/node_modules/.bin:/home/sam/.nvm/versions/node/v6.11.4/bin:/home/sam/bin:/home/sam/.local/bin:/home/sam/bin:/home/sam/.local/bin:/usr/local/sbin:/usr/local/bin:/usr/sbin:/usr/bin:/sbin:/bin:/usr/games:/usr/local/games:/snap/bin
10 verbose lifecycle node-portfolio@1.0.0~dev: CWD: /home/sam/CODE/NodePortfolio
11 silly lifecycle node-portfolio@1.0.0~dev: Args: [ '-c', 'concurrently "npm run server" "npm run client"' ]
12 info lifecycle node-portfolio@1.0.0~dev: Failed to exec dev script
13 verbose stack Error: node-portfolio@1.0.0 dev: `concurrently "npm run server" "npm run client"`
13 verbose stack spawn ENOENT
13 verbose stack     at ChildProcess.<anonymous> (/home/sam/.nvm/versions/node/v6.11.4/lib/node_modules/npm/lib/utils/spawn.js:33:16)
13 verbose stack     at emitTwo (events.js:106:13)
13 verbose stack     at ChildProcess.emit (events.js:191:7)
13 verbose stack     at maybeClose (internal/child_process.js:920:16)
13 verbose stack     at Process.ChildProcess._handle.onexit (internal/child_process.js:230:5)
14 verbose pkgid node-portfolio@1.0.0
15 verbose cwd /home/sam/CODE/NodePortfolio
16 error Linux 4.10.0-38-generic
17 error argv "/home/sam/.nvm/versions/node/v6.11.4/bin/node" "/home/sam/.nvm/versions/node/v6.11.4/bin/npm" "run" "dev"
18 error node v6.11.4
19 error npm  v3.10.10
20 error file sh
21 error code ELIFECYCLE
22 error errno ENOENT
23 error syscall spawn
24 error node-portfolio@1.0.0 dev: `concurrently "npm run server" "npm run client"`
24 error spawn ENOENT
25 error Failed at the node-portfolio@1.0.0 dev script 'concurrently "npm run server" "npm run client"'.
25 error Make sure you have the latest version of node.js and npm installed.
25 error If you do, this is most likely a problem with the node-portfolio package,
25 error not with npm itself.
25 error Tell the author that this fails on your system:
25 error     concurrently "npm run server" "npm run client"
25 error You can get information on how to open an issue for this project with:
25 error     npm bugs node-portfolio
25 error Or if that isn't available, you can get their info via:
25 error     npm owner ls node-portfolio
25 error There is likely additional logging output above.
26 verbose exit [ 1, true ]
